
--- SHUTDOWN IN CORSO ---
✓ Server disconnesso correttamente.
[INFO] Scanning for projects...
[WARNING] 
[WARNING] Some problems were encountered while building the effective model for it.unisa:HotelColossus:jar:1.0-SNAPSHOT
[WARNING] 'build.plugins.plugin.(groupId:artifactId)' must be unique but found duplicate declaration of plugin org.jacoco:jacoco-maven-plugin @ line 164, column 21
[WARNING] 
[WARNING] It is highly recommended to fix these problems because they threaten the stability of your build.
[WARNING] 
[WARNING] For this reason, future Maven versions might no longer support building such malformed projects.
[WARNING] 
[INFO] ------------------------------------------------------------------------
[INFO] Detecting the operating system and CPU architecture
[INFO] ------------------------------------------------------------------------
[INFO] os.detected.name: linux
[INFO] os.detected.arch: x86_64
[INFO] os.detected.bitness: 64
[INFO] os.detected.version: 6.18
[INFO] os.detected.version.major: 6
[INFO] os.detected.version.minor: 18
[INFO] os.detected.release: arch
[INFO] os.detected.release.like.arch: true
[INFO] os.detected.classifier: linux-x86_64
Downloading from central: https://repo.maven.apache.org/maven2/org/codehaus/mojo/maven-metadata.xml
Downloading from central: https://repo.maven.apache.org/maven2/org/jacoco/maven-metadata.xml
Downloading from central: https://repo.maven.apache.org/maven2/org/openjfx/maven-metadata.xml
Downloading from central: https://repo.maven.apache.org/maven2/org/apache/maven/plugins/maven-metadata.xml
Progress (1): 237 BProgress (2): 237 B | 245 BProgress (3): 237 B | 245 B | 4.6 kBProgress (3): 237 B | 245 B | 10 kB Progress (3): 237 B | 245 B | 14 kBProgress (4): 237 B | 245 B | 14 kB | 3.1 kBProgress (4): 237 B | 245 B | 14 kB | 8.0 kBProgress (4): 237 B | 245 B | 14 kB | 8.0 kBProgress (4): 237 B | 245 B | 14 kB | 13 kB Progress (4): 237 B | 245 B | 14 kB | 17 kBProgress (4): 237 B | 245 B | 14 kB | 20 kBProgress (4): 237 B | 245 B | 14 kB | 21 kB                                           Downloaded from central: https://repo.maven.apache.org/maven2/org/jacoco/maven-metadata.xml (237 B at 344 B/s)
Downloaded from central: https://repo.maven.apache.org/maven2/org/apache/maven/plugins/maven-metadata.xml (14 kB at 21 kB/s)
Downloaded from central: https://repo.maven.apache.org/maven2/org/openjfx/maven-metadata.xml (245 B at 356 B/s)
Downloaded from central: https://repo.maven.apache.org/maven2/org/codehaus/mojo/maven-metadata.xml (21 kB at 23 kB/s)
Downloading from central: https://repo.maven.apache.org/maven2/org/codehaus/mojo/exec-maven-plugin/maven-metadata.xml
Progress (1): 1.1 kB                    Downloaded from central: https://repo.maven.apache.org/maven2/org/codehaus/mojo/exec-maven-plugin/maven-metadata.xml (1.1 kB at 13 kB/s)
[INFO] 
[INFO] -----------------------< it.unisa:HotelColossus >-----------------------
[INFO] Building HotelColossus 1.0-SNAPSHOT
[INFO]   from pom.xml
[INFO] --------------------------------[ jar ]---------------------------------
[INFO] 
[INFO] --- exec:3.6.3:java (default-cli) @ HotelColossus ---
12:40:04 INFO  FrontDesk: Avvio RMI Registry sulla porta 1099...
12:40:04 INFO  FrontDesk: ✓ Connesso a RMI Registry esistente
12:40:04 INFO  FrontDesk: Genero il gestore prenotazioni...
5
12:40:05 DEBUG PrenotazioneDAO: Associazione clienti e camere
com.mysql.cj.jdbc.ClientPreparedStatement: SELECT * FROM prenotazioneClientiCamereView WHERE IDPrenotazione = 3
java.sql.SQLException: Table 'Hotelcolossus.HA' doesn't exist
	at it.unisa.Storage.DAO.PrenotazioneDAO.doRetriveByKey(PrenotazioneDAO.java:351)
	at it.unisa.Storage.DAO.PrenotazioneDAO.doRetriveAll(PrenotazioneDAO.java:390)
	at it.unisa.Server.persistent.obj.catalogues.CatalogoPrenotazioni.<clinit>(CatalogoPrenotazioni.java:28)
	at it.unisa.Server.gestionePrenotazioni.FrontDesk.<init>(FrontDesk.java:127)
	at it.unisa.Server.gestionePrenotazioni.FrontDesk.main(FrontDesk.java:87)
	at java.base/jdk.internal.reflect.DirectMethodHandleAccessor.invoke(DirectMethodHandleAccessor.java:104)
	at java.base/java.lang.reflect.Method.invoke(Method.java:565)
	at org.codehaus.mojo.exec.AbstractExecJavaBase.executeMainMethod(AbstractExecJavaBase.java:402)
	at org.codehaus.mojo.exec.ExecJavaMojo.executeMainMethod(ExecJavaMojo.java:142)
	at org.codehaus.mojo.exec.AbstractExecJavaBase.doExecClassLoader(AbstractExecJavaBase.java:377)
	at org.codehaus.mojo.exec.AbstractExecJavaBase.lambda$execute$0(AbstractExecJavaBase.java:287)
	at java.base/java.lang.Thread.run(Thread.java:1474)
12:40:05 INFO  FrontDesk: ✓ Gestore prenotazioni creato
12:40:05 INFO  FrontDesk: Effettuo il rebind di gestione prenotazioni...
12:40:05 INFO  FrontDesk: ✓ Gestore prenotazioni registrato con successo!
12:40:05 INFO  FrontDesk: ✓ Servizio 'GestionePrenotazioni' pronto
12:40:05 INFO  FrontDesk: Server in attesa di connessioni...

--- SHUTDOWN IN CORSO ---
✓ Server disconnesso correttamente.
[INFO] Scanning for projects...
[WARNING] 
[WARNING] Some problems were encountered while building the effective model for it.unisa:HotelColossus:jar:1.0-SNAPSHOT
[WARNING] 'build.plugins.plugin.(groupId:artifactId)' must be unique but found duplicate declaration of plugin org.jacoco:jacoco-maven-plugin @ line 164, column 21
[WARNING] 
[WARNING] It is highly recommended to fix these problems because they threaten the stability of your build.
[WARNING] 
[WARNING] For this reason, future Maven versions might no longer support building such malformed projects.
[WARNING] 
[INFO] ------------------------------------------------------------------------
[INFO] Detecting the operating system and CPU architecture
[INFO] ------------------------------------------------------------------------
[INFO] os.detected.name: linux
[INFO] os.detected.arch: x86_64
[INFO] os.detected.bitness: 64
[INFO] os.detected.version: 6.18
[INFO] os.detected.version.major: 6
[INFO] os.detected.version.minor: 18
[INFO] os.detected.release: arch
[INFO] os.detected.release.like.arch: true
[INFO] os.detected.classifier: linux-x86_64
[INFO] 
[INFO] -----------------------< it.unisa:HotelColossus >-----------------------
[INFO] Building HotelColossus 1.0-SNAPSHOT
[INFO]   from pom.xml
[INFO] --------------------------------[ jar ]---------------------------------
[INFO] 
[INFO] --- exec:3.6.3:java (default-cli) @ HotelColossus ---
12:47:39 INFO  FrontDesk: Avvio RMI Registry sulla porta 1099...
12:47:39 INFO  FrontDesk: ✓ Connesso a RMI Registry esistente
12:47:39 INFO  FrontDesk: Genero il gestore prenotazioni...
5
12:47:40 DEBUG PrenotazioneDAO: Associazione clienti e camere
com.mysql.cj.jdbc.ClientPreparedStatement: SELECT * FROM prenotazioneClientiCamereView WHERE IDPrenotazione = 3
java.sql.SQLException: Table 'Hotelcolossus.HA' doesn't exist
	at it.unisa.Storage.DAO.PrenotazioneDAO.doRetriveByKey(PrenotazioneDAO.java:351)
	at it.unisa.Storage.DAO.PrenotazioneDAO.doRetriveAll(PrenotazioneDAO.java:390)
	at it.unisa.Server.persistent.obj.catalogues.CatalogoPrenotazioni.<clinit>(CatalogoPrenotazioni.java:28)
	at it.unisa.Server.gestionePrenotazioni.FrontDesk.<init>(FrontDesk.java:127)
	at it.unisa.Server.gestionePrenotazioni.FrontDesk.main(FrontDesk.java:87)
	at java.base/jdk.internal.reflect.DirectMethodHandleAccessor.invoke(DirectMethodHandleAccessor.java:104)
	at java.base/java.lang.reflect.Method.invoke(Method.java:565)
	at org.codehaus.mojo.exec.AbstractExecJavaBase.executeMainMethod(AbstractExecJavaBase.java:402)
	at org.codehaus.mojo.exec.ExecJavaMojo.executeMainMethod(ExecJavaMojo.java:142)
	at org.codehaus.mojo.exec.AbstractExecJavaBase.doExecClassLoader(AbstractExecJavaBase.java:377)
	at org.codehaus.mojo.exec.AbstractExecJavaBase.lambda$execute$0(AbstractExecJavaBase.java:287)
	at java.base/java.lang.Thread.run(Thread.java:1474)
12:47:40 INFO  FrontDesk: ✓ Gestore prenotazioni creato
12:47:40 INFO  FrontDesk: Effettuo il rebind di gestione prenotazioni...
12:47:40 INFO  FrontDesk: ✓ Gestore prenotazioni registrato con successo!
12:47:40 INFO  FrontDesk: ✓ Servizio 'GestionePrenotazioni' pronto
12:47:40 INFO  FrontDesk: Server in attesa di connessioni...

--- SHUTDOWN IN CORSO ---
✓ Server disconnesso correttamente.
[INFO] Scanning for projects...
[WARNING] 
[WARNING] Some problems were encountered while building the effective model for it.unisa:HotelColossus:jar:1.0-SNAPSHOT
[WARNING] 'build.plugins.plugin.(groupId:artifactId)' must be unique but found duplicate declaration of plugin org.jacoco:jacoco-maven-plugin @ line 164, column 21
[WARNING] 
[WARNING] It is highly recommended to fix these problems because they threaten the stability of your build.
[WARNING] 
[WARNING] For this reason, future Maven versions might no longer support building such malformed projects.
[WARNING] 
[INFO] ------------------------------------------------------------------------
[INFO] Detecting the operating system and CPU architecture
[INFO] ------------------------------------------------------------------------
[INFO] os.detected.name: linux
[INFO] os.detected.arch: x86_64
[INFO] os.detected.bitness: 64
[INFO] os.detected.version: 6.18
[INFO] os.detected.version.major: 6
[INFO] os.detected.version.minor: 18
[INFO] os.detected.release: arch
[INFO] os.detected.release.like.arch: true
[INFO] os.detected.classifier: linux-x86_64
[INFO] 
[INFO] -----------------------< it.unisa:HotelColossus >-----------------------
[INFO] Building HotelColossus 1.0-SNAPSHOT
[INFO]   from pom.xml
[INFO] --------------------------------[ jar ]---------------------------------
[INFO] 
[INFO] --- exec:3.6.3:java (default-cli) @ HotelColossus ---
12:52:07 INFO  FrontDesk: Avvio RMI Registry sulla porta 1099...
12:52:07 INFO  FrontDesk: ✓ Connesso a RMI Registry esistente
12:52:07 INFO  FrontDesk: Genero il gestore prenotazioni...
5
12:52:08 DEBUG PrenotazioneDAO: Associazione clienti e camere
com.mysql.cj.jdbc.ClientPreparedStatement: SELECT * FROM prenotazioneClientiCamereView WHERE IDPrenotazione = 3
java.sql.SQLException: Table 'Hotelcolossus.HA' doesn't exist
	at it.unisa.Storage.DAO.PrenotazioneDAO.doRetriveByKey(PrenotazioneDAO.java:351)
	at it.unisa.Storage.DAO.PrenotazioneDAO.doRetriveAll(PrenotazioneDAO.java:390)
	at it.unisa.Server.persistent.obj.catalogues.CatalogoPrenotazioni.<clinit>(CatalogoPrenotazioni.java:28)
	at it.unisa.Server.gestionePrenotazioni.FrontDesk.<init>(FrontDesk.java:127)
	at it.unisa.Server.gestionePrenotazioni.FrontDesk.main(FrontDesk.java:87)
	at java.base/jdk.internal.reflect.DirectMethodHandleAccessor.invoke(DirectMethodHandleAccessor.java:104)
	at java.base/java.lang.reflect.Method.invoke(Method.java:565)
	at org.codehaus.mojo.exec.AbstractExecJavaBase.executeMainMethod(AbstractExecJavaBase.java:402)
	at org.codehaus.mojo.exec.ExecJavaMojo.executeMainMethod(ExecJavaMojo.java:142)
	at org.codehaus.mojo.exec.AbstractExecJavaBase.doExecClassLoader(AbstractExecJavaBase.java:377)
	at org.codehaus.mojo.exec.AbstractExecJavaBase.lambda$execute$0(AbstractExecJavaBase.java:287)
	at java.base/java.lang.Thread.run(Thread.java:1474)
12:52:08 INFO  FrontDesk: ✓ Gestore prenotazioni creato
12:52:08 INFO  FrontDesk: Effettuo il rebind di gestione prenotazioni...
12:52:08 INFO  FrontDesk: ✓ Gestore prenotazioni registrato con successo!
12:52:08 INFO  FrontDesk: ✓ Servizio 'GestionePrenotazioni' pronto
12:52:08 INFO  FrontDesk: Server in attesa di connessioni...
