gen 25, 2026 4:48:11 PM it.unisa.Server.gestioneImpiegati.Manager main
INFO: Avvio RMI Registry sulla porta 1099...
gen 25, 2026 4:48:11 PM it.unisa.Server.gestioneImpiegati.Manager main
INFO: ? Connesso a RMI Registry esistente
gen 25, 2026 4:48:11 PM it.unisa.Server.gestioneImpiegati.Manager main
INFO: Genero il gestore prenotazioni...
gen 25, 2026 4:48:11 PM it.unisa.Server.gestioneImpiegati.Manager main
INFO: ? Gestore prenotazioni creato
gen 25, 2026 4:48:11 PM it.unisa.Server.gestioneImpiegati.Manager main
INFO: Effettuo il rebind di gestione prenotazioni...
gen 25, 2026 4:48:11 PM it.unisa.Server.gestioneImpiegati.Manager main
INFO: ? Gestore prenotazioni registrato con successo!
gen 25, 2026 4:48:11 PM it.unisa.Server.gestioneImpiegati.Manager main
INFO: ? Servizio 'GestionePrenotazioni' pronto
gen 25, 2026 4:48:11 PM it.unisa.Server.gestioneImpiegati.Manager main
INFO: Server in attesa di connessioni...
^Cgen 25, 2026 5:23:53 PM it.unisa.Server.gestioneImpiegati.Manager main
INFO: Avvio RMI Registry sulla porta 1099...
gen 25, 2026 5:23:53 PM it.unisa.Server.gestioneImpiegati.Manager main
INFO: ? Connesso a RMI Registry esistente
gen 25, 2026 5:23:53 PM it.unisa.Server.gestioneImpiegati.Manager main
INFO: Genero il gestore prenotazioni...
gen 25, 2026 5:23:53 PM it.unisa.Server.gestioneImpiegati.Manager main
INFO: ? Gestore prenotazioni creato
gen 25, 2026 5:23:53 PM it.unisa.Server.gestioneImpiegati.Manager main
INFO: Effettuo il rebind di gestione prenotazioni...
gen 25, 2026 5:23:53 PM it.unisa.Server.gestioneImpiegati.Manager main
INFO: ? Gestore prenotazioni registrato con successo!
gen 25, 2026 5:23:53 PM it.unisa.Server.gestioneImpiegati.Manager main
INFO: ? Servizio 'GestionePrenotazioni' pronto
gen 25, 2026 5:23:53 PM it.unisa.Server.gestioneImpiegati.Manager main
INFO: Server in attesa di connessioni...
gen 25, 2026 5:29:01 PM it.unisa.Server.gestioneImpiegati.Manager main
INFO: Avvio RMI Registry sulla porta 1099...
gen 25, 2026 5:29:01 PM it.unisa.Server.gestioneImpiegati.Manager main
INFO: ? Connesso a RMI Registry esistente
gen 25, 2026 5:29:01 PM it.unisa.Server.gestioneImpiegati.Manager main
INFO: Genero il gestore prenotazioni...
gen 25, 2026 5:29:01 PM it.unisa.Server.gestioneImpiegati.Manager main
INFO: ? Gestore prenotazioni creato
gen 25, 2026 5:29:01 PM it.unisa.Server.gestioneImpiegati.Manager main
INFO: Effettuo il rebind di gestione prenotazioni...
gen 25, 2026 5:29:01 PM it.unisa.Server.gestioneImpiegati.Manager main
INFO: ? Gestore prenotazioni registrato con successo!
gen 25, 2026 5:29:01 PM it.unisa.Server.gestioneImpiegati.Manager main
INFO: ? Servizio 'GestionePrenotazioni' pronto
gen 25, 2026 5:29:01 PM it.unisa.Server.gestioneImpiegati.Manager main
INFO: Server in attesa di connessioni...
gen 25, 2026 5:35:06 PM it.unisa.Server.gestioneImpiegati.Manager main
INFO: Avvio RMI Registry sulla porta 1099...
gen 25, 2026 5:35:06 PM it.unisa.Server.gestioneImpiegati.Manager main
INFO: ? Connesso a RMI Registry esistente
gen 25, 2026 5:35:06 PM it.unisa.Server.gestioneImpiegati.Manager main
INFO: Genero il gestore prenotazioni...
gen 25, 2026 5:35:06 PM it.unisa.Server.gestioneImpiegati.Manager main
INFO: ? Gestore prenotazioni creato
gen 25, 2026 5:35:06 PM it.unisa.Server.gestioneImpiegati.Manager main
INFO: Effettuo il rebind di gestione prenotazioni...
gen 25, 2026 5:35:06 PM it.unisa.Server.gestioneImpiegati.Manager main
INFO: ? Gestore prenotazioni registrato con successo!
gen 25, 2026 5:35:06 PM it.unisa.Server.gestioneImpiegati.Manager main
INFO: ? Servizio 'GestionePrenotazioni' pronto
gen 25, 2026 5:35:06 PM it.unisa.Server.gestioneImpiegati.Manager main
INFO: Server in attesa di connessioni...
gen 25, 2026 5:37:58 PM it.unisa.Server.gestioneImpiegati.Manager main
INFO: Avvio RMI Registry sulla porta 1099...
gen 25, 2026 5:37:59 PM it.unisa.Server.gestioneImpiegati.Manager main
INFO: ? Connesso a RMI Registry esistente
gen 25, 2026 5:37:59 PM it.unisa.Server.gestioneImpiegati.Manager main
INFO: Genero il gestore prenotazioni...
gen 25, 2026 5:37:59 PM it.unisa.Server.gestioneImpiegati.Manager main
INFO: ? Gestore prenotazioni creato
gen 25, 2026 5:37:59 PM it.unisa.Server.gestioneImpiegati.Manager main
INFO: Effettuo il rebind di gestione prenotazioni...
gen 25, 2026 5:37:59 PM it.unisa.Server.gestioneImpiegati.Manager main
INFO: ? Gestore prenotazioni registrato con successo!
gen 25, 2026 5:37:59 PM it.unisa.Server.gestioneImpiegati.Manager main
INFO: ? Servizio 'GestionePrenotazioni' pronto
gen 25, 2026 5:37:59 PM it.unisa.Server.gestioneImpiegati.Manager main
INFO: Server in attesa di connessioni...
^Cgen 26, 2026 2:45:04 PM it.unisa.Server.gestioneImpiegati.Manager main
INFO: Avvio RMI Registry sulla porta 1099...
gen 26, 2026 2:45:04 PM it.unisa.Server.gestioneImpiegati.Manager main
INFO: ? Connesso a RMI Registry esistente
gen 26, 2026 2:45:04 PM it.unisa.Server.gestioneImpiegati.Manager main
INFO: Genero il gestore prenotazioni...
gen 26, 2026 2:45:04 PM it.unisa.Server.gestioneImpiegati.Manager main
INFO: ? Gestore prenotazioni creato
gen 26, 2026 2:45:04 PM it.unisa.Server.gestioneImpiegati.Manager main
INFO: Effettuo il rebind di gestione prenotazioni...
gen 26, 2026 2:45:04 PM it.unisa.Server.gestioneImpiegati.Manager main
INFO: ? Gestore prenotazioni registrato con successo!
gen 26, 2026 2:45:04 PM it.unisa.Server.gestioneImpiegati.Manager main
INFO: ? Servizio 'GestionePrenotazioni' pronto
gen 26, 2026 2:45:04 PM it.unisa.Server.gestioneImpiegati.Manager main
INFO: Server in attesa di connessioni...
[2.738s][warning][os,thread] Failed to start thread "Unknown thread" - _beginthreadex failed (EACCES) for attributes: stacksize: default, flags: CREATE_SUSPENDED STACK_SIZE_PARAM_IS.
^Cgen 26, 2026 2:53:42 PM it.unisa.Server.gestioneImpiegati.Manager main
INFO: Avvio RMI Registry sulla porta 1099...
gen 26, 2026 2:53:42 PM it.unisa.Server.gestioneImpiegati.Manager main
INFO: ? Connesso a RMI Registry esistente
gen 26, 2026 2:53:42 PM it.unisa.Server.gestioneImpiegati.Manager main
INFO: Genero il gestore prenotazioni...
gen 26, 2026 2:53:42 PM it.unisa.Server.gestioneImpiegati.Manager main
INFO: ? Gestore prenotazioni creato
gen 26, 2026 2:53:42 PM it.unisa.Server.gestioneImpiegati.Manager main
INFO: Effettuo il rebind di gestione prenotazioni...
gen 26, 2026 2:53:42 PM it.unisa.Server.gestioneImpiegati.Manager main
INFO: ? Gestore prenotazioni registrato con successo!
gen 26, 2026 2:53:42 PM it.unisa.Server.gestioneImpiegati.Manager main
INFO: ? Servizio 'GestionePrenotazioni' pronto
gen 26, 2026 2:53:42 PM it.unisa.Server.gestioneImpiegati.Manager main
INFO: Server in attesa di connessioni...
^Cgen 26, 2026 3:01:17 PM it.unisa.Server.gestioneImpiegati.Manager main
INFO: Avvio RMI Registry sulla porta 1099...
gen 26, 2026 3:01:18 PM it.unisa.Server.gestioneImpiegati.Manager main
INFO: ? Connesso a RMI Registry esistente
gen 26, 2026 3:01:18 PM it.unisa.Server.gestioneImpiegati.Manager main
INFO: Genero il gestore prenotazioni...
gen 26, 2026 3:01:18 PM it.unisa.Server.gestioneImpiegati.Manager main
INFO: ? Gestore prenotazioni creato
gen 26, 2026 3:01:18 PM it.unisa.Server.gestioneImpiegati.Manager main
INFO: Effettuo il rebind di gestione prenotazioni...
gen 26, 2026 3:01:18 PM it.unisa.Server.gestioneImpiegati.Manager main
INFO: ? Gestore prenotazioni registrato con successo!
gen 26, 2026 3:01:18 PM it.unisa.Server.gestioneImpiegati.Manager main
INFO: ? Servizio 'GestionePrenotazioni' pronto
gen 26, 2026 3:01:18 PM it.unisa.Server.gestioneImpiegati.Manager main
INFO: Server in attesa di connessioni...
^Cgen 26, 2026 3:08:04 PM it.unisa.Server.gestioneImpiegati.Manager main
INFO: Avvio RMI Registry sulla porta 1099...
gen 26, 2026 3:08:04 PM it.unisa.Server.gestioneImpiegati.Manager main
INFO: ? Connesso a RMI Registry esistente
gen 26, 2026 3:08:04 PM it.unisa.Server.gestioneImpiegati.Manager main
INFO: Genero il gestore prenotazioni...
gen 26, 2026 3:08:04 PM it.unisa.Server.gestioneImpiegati.Manager main
INFO: ? Gestore prenotazioni creato
gen 26, 2026 3:08:04 PM it.unisa.Server.gestioneImpiegati.Manager main
INFO: Effettuo il rebind di gestione prenotazioni...
gen 26, 2026 3:08:04 PM it.unisa.Server.gestioneImpiegati.Manager main
INFO: ? Gestore prenotazioni registrato con successo!
gen 26, 2026 3:08:04 PM it.unisa.Server.gestioneImpiegati.Manager main
INFO: ? Servizio 'GestionePrenotazioni' pronto
gen 26, 2026 3:08:04 PM it.unisa.Server.gestioneImpiegati.Manager main
INFO: Server in attesa di connessioni...
^Cgen 26, 2026 3:14:44 PM it.unisa.Server.gestioneImpiegati.Manager main
INFO: Avvio RMI Registry sulla porta 1099...
gen 26, 2026 3:14:44 PM it.unisa.Server.gestioneImpiegati.Manager main
INFO: ? Connesso a RMI Registry esistente
gen 26, 2026 3:14:44 PM it.unisa.Server.gestioneImpiegati.Manager main
INFO: Genero il gestore prenotazioni...
gen 26, 2026 3:14:44 PM it.unisa.Server.gestioneImpiegati.Manager main
INFO: ? Gestore prenotazioni creato
gen 26, 2026 3:14:44 PM it.unisa.Server.gestioneImpiegati.Manager main
INFO: Effettuo il rebind di gestione prenotazioni...
gen 26, 2026 3:14:44 PM it.unisa.Server.gestioneImpiegati.Manager main
INFO: ? Gestore prenotazioni registrato con successo!
gen 26, 2026 3:14:44 PM it.unisa.Server.gestioneImpiegati.Manager main
INFO: ? Servizio 'GestionePrenotazioni' pronto
gen 26, 2026 3:14:44 PM it.unisa.Server.gestioneImpiegati.Manager main
INFO: Server in attesa di connessioni...
^Cgen 26, 2026 3:26:46 PM it.unisa.Server.gestioneImpiegati.Manager main
INFO: Avvio RMI Registry sulla porta 1099...
gen 26, 2026 3:26:46 PM it.unisa.Server.gestioneImpiegati.Manager main
INFO: ? Connesso a RMI Registry esistente
gen 26, 2026 3:26:46 PM it.unisa.Server.gestioneImpiegati.Manager main
INFO: Genero il gestore prenotazioni...
gen 26, 2026 3:26:46 PM it.unisa.Server.gestioneImpiegati.Manager main
INFO: ? Gestore prenotazioni creato
gen 26, 2026 3:26:46 PM it.unisa.Server.gestioneImpiegati.Manager main
INFO: Effettuo il rebind di gestione prenotazioni...
gen 26, 2026 3:26:46 PM it.unisa.Server.gestioneImpiegati.Manager main
INFO: ? Gestore prenotazioni registrato con successo!
gen 26, 2026 3:26:46 PM it.unisa.Server.gestioneImpiegati.Manager main
INFO: ? Servizio 'GestionePrenotazioni' pronto
gen 26, 2026 3:26:46 PM it.unisa.Server.gestioneImpiegati.Manager main
INFO: Server in attesa di connessioni...
^Cgen 26, 2026 3:31:08 PM it.unisa.Server.gestioneImpiegati.Manager main
INFO: Avvio RMI Registry sulla porta 1099...
gen 26, 2026 3:31:08 PM it.unisa.Server.gestioneImpiegati.Manager main
INFO: ? Connesso a RMI Registry esistente
gen 26, 2026 3:31:08 PM it.unisa.Server.gestioneImpiegati.Manager main
INFO: Genero il gestore prenotazioni...
gen 26, 2026 3:31:08 PM it.unisa.Server.gestioneImpiegati.Manager main
INFO: ? Gestore prenotazioni creato
gen 26, 2026 3:31:08 PM it.unisa.Server.gestioneImpiegati.Manager main
INFO: Effettuo il rebind di gestione prenotazioni...
gen 26, 2026 3:31:08 PM it.unisa.Server.gestioneImpiegati.Manager main
INFO: ? Gestore prenotazioni registrato con successo!
gen 26, 2026 3:31:08 PM it.unisa.Server.gestioneImpiegati.Manager main
INFO: ? Servizio 'GestionePrenotazioni' pronto
gen 26, 2026 3:31:08 PM it.unisa.Server.gestioneImpiegati.Manager main
INFO: Server in attesa di connessioni...
^Cgen 26, 2026 3:44:52 PM it.unisa.Server.gestioneImpiegati.Manager main
INFO: Avvio RMI Registry sulla porta 1099...
gen 26, 2026 3:44:52 PM it.unisa.Server.gestioneImpiegati.Manager main
INFO: ? Connesso a RMI Registry esistente
gen 26, 2026 3:44:52 PM it.unisa.Server.gestioneImpiegati.Manager main
INFO: Genero il gestore prenotazioni...
gen 26, 2026 3:44:52 PM it.unisa.Server.gestioneImpiegati.Manager main
INFO: ? Gestore prenotazioni creato
gen 26, 2026 3:44:52 PM it.unisa.Server.gestioneImpiegati.Manager main
INFO: Effettuo il rebind di gestione prenotazioni...
gen 26, 2026 3:44:52 PM it.unisa.Server.gestioneImpiegati.Manager main
INFO: ? Gestore prenotazioni registrato con successo!
gen 26, 2026 3:44:52 PM it.unisa.Server.gestioneImpiegati.Manager main
INFO: ? Servizio 'GestionePrenotazioni' pronto
gen 26, 2026 3:44:52 PM it.unisa.Server.gestioneImpiegati.Manager main
INFO: Server in attesa di connessioni...
^Cgen 26, 2026 4:12:18 PM it.unisa.Server.gestioneImpiegati.Manager main
INFO: Avvio RMI Registry sulla porta 1099...
gen 26, 2026 4:12:18 PM it.unisa.Server.gestioneImpiegati.Manager main
INFO: ? Connesso a RMI Registry esistente
gen 26, 2026 4:12:18 PM it.unisa.Server.gestioneImpiegati.Manager main
INFO: Genero il gestore prenotazioni...
gen 26, 2026 4:12:18 PM it.unisa.Server.gestioneImpiegati.Manager main
INFO: ? Gestore prenotazioni creato
gen 26, 2026 4:12:18 PM it.unisa.Server.gestioneImpiegati.Manager main
INFO: Effettuo il rebind di gestione prenotazioni...
gen 26, 2026 4:12:18 PM it.unisa.Server.gestioneImpiegati.Manager main
INFO: ? Gestore prenotazioni registrato con successo!
gen 26, 2026 4:12:18 PM it.unisa.Server.gestioneImpiegati.Manager main
INFO: ? Servizio 'GestionePrenotazioni' pronto
gen 26, 2026 4:12:18 PM it.unisa.Server.gestioneImpiegati.Manager main
INFO: Server in attesa di connessioni...
^Cgen 26, 2026 4:21:33 PM it.unisa.Server.gestioneImpiegati.Manager main
INFO: Avvio RMI Registry sulla porta 1099...
gen 26, 2026 4:21:33 PM it.unisa.Server.gestioneImpiegati.Manager main
INFO: Genero il gestore prenotazioni...
gen 26, 2026 4:21:33 PM it.unisa.Server.gestioneImpiegati.Manager main
INFO: ? Gestore prenotazioni creato
gen 26, 2026 4:21:33 PM it.unisa.Server.gestioneImpiegati.Manager main
INFO: Effettuo il rebind di gestione prenotazioni...
gen 26, 2026 4:21:33 PM it.unisa.Server.gestioneImpiegati.Manager main
INFO: ? Gestore prenotazioni registrato con successo!
gen 26, 2026 4:21:33 PM it.unisa.Server.gestioneImpiegati.Manager main
INFO: ? Servizio 'GestionePrenotazioni' pronto
gen 26, 2026 4:21:33 PM it.unisa.Server.gestioneImpiegati.Manager main
INFO: Server in attesa di connessioni...
^Cgen 26, 2026 4:23:10 PM it.unisa.Server.gestioneImpiegati.Manager main
INFO: Avvio RMI Registry sulla porta 1099...
gen 26, 2026 4:23:10 PM it.unisa.Server.gestioneImpiegati.Manager main
INFO: Genero il gestore prenotazioni...
gen 26, 2026 4:23:10 PM it.unisa.Server.gestioneImpiegati.Manager main
INFO: ? Gestore prenotazioni creato
gen 26, 2026 4:23:10 PM it.unisa.Server.gestioneImpiegati.Manager main
INFO: Effettuo il rebind di gestione prenotazioni...
gen 26, 2026 4:23:10 PM it.unisa.Server.gestioneImpiegati.Manager main
INFO: ? Gestore prenotazioni registrato con successo!
gen 26, 2026 4:23:10 PM it.unisa.Server.gestioneImpiegati.Manager main
INFO: ? Servizio 'GestionePrenotazioni' pronto
gen 26, 2026 4:23:10 PM it.unisa.Server.gestioneImpiegati.Manager main
INFO: Server in attesa di connessioni...
^Cgen 26, 2026 5:25:15 PM it.unisa.Server.gestioneImpiegati.Manager main
INFO: Avvio RMI Registry sulla porta 1099...
gen 26, 2026 5:25:15 PM it.unisa.Server.gestioneImpiegati.Manager main
INFO: Genero il gestore prenotazioni...
gen 26, 2026 5:25:15 PM it.unisa.Server.gestioneImpiegati.Manager main
INFO: ? Gestore prenotazioni creato
gen 26, 2026 5:25:15 PM it.unisa.Server.gestioneImpiegati.Manager main
INFO: Effettuo il rebind di gestione prenotazioni...
gen 26, 2026 5:25:15 PM it.unisa.Server.gestioneImpiegati.Manager main
INFO: ? Gestore prenotazioni registrato con successo!
gen 26, 2026 5:25:15 PM it.unisa.Server.gestioneImpiegati.Manager main
INFO: ? Servizio 'GestionePrenotazioni' pronto
gen 26, 2026 5:25:15 PM it.unisa.Server.gestioneImpiegati.Manager main
INFO: Server in attesa di connessioni...
Feb 02, 2026 11:44:50 AM it.unisa.Server.gestioneImpiegati.Manager main
INFO: Avvio RMI Registry sulla porta 1099...
Feb 02, 2026 11:44:50 AM it.unisa.Server.gestioneImpiegati.Manager main
INFO: ✓ Connesso a RMI Registry esistente
Feb 02, 2026 11:44:50 AM it.unisa.Server.gestioneImpiegati.Manager main
INFO: Genero il gestore prenotazioni...
Feb 02, 2026 11:44:50 AM it.unisa.Server.gestioneImpiegati.Manager main
INFO: ✓ Gestore prenotazioni creato
Feb 02, 2026 11:44:50 AM it.unisa.Server.gestioneImpiegati.Manager main
INFO: Effettuo il rebind di gestione prenotazioni...
Feb 02, 2026 11:44:50 AM it.unisa.Server.gestioneImpiegati.Manager main
INFO: ✓ Gestore prenotazioni registrato con successo!
Feb 02, 2026 11:44:50 AM it.unisa.Server.gestioneImpiegati.Manager main
INFO: ✓ Servizio 'GestionePrenotazioni' pronto
Feb 02, 2026 11:44:50 AM it.unisa.Server.gestioneImpiegati.Manager main
INFO: Server in attesa di connessioni...
